Looking for git in: git
Using git 2.20.1 from git
> git rev-parse --show-toplevel
> git rev-parse --git-dir
Open repository: /home/andersonlima
> git fetch
> git status -z -u
> git symbolic-ref --short HEAD
> git rev-parse flix
> git rev-parse --symbolic-full-name flix@{u}
fatal: no upstream configured for branch 'flix'
> git for-each-ref --sort -committerdate --format %(refname) %(objectname)
> git remote --verbose
> git check-ignore -v -z --stdin
> git config --get commit.template
> git status -z -u
> git show --textconv :imersao_alura-master/src/components/Carousel/components/Slider/index.js
> git ls-files --stage -- /home/andersonlima/imersao_alura-master/src/components/Carousel/components/Slider/index.js
> git check-ignore -v -z --stdin
> git cat-file -s 0cf3b464f24ffb73a3d1156bdf786ea32b81f3e6
> git symbolic-ref --short HEAD
> git rev-parse flix
> git rev-parse --symbolic-full-name flix@{u}
fatal: no upstream configured for branch 'flix'
> git for-each-ref --sort -committerdate --format %(refname) %(objectname)
> git remote --verbose
> git config --get commit.template
> git check-ignore -v -z --stdin
> git pull --tags
There is no tracking information for the current branch.
Please specify which branch you want to merge with.
See git-pull(1) for details.

    git pull <remote> <branch>

If you wish to set tracking information for this branch you can do so with:

    git branch --set-upstream-to=<remote>/<branch> flix
> git fetch
> git ls-files --stage -- /home/andersonlima/imersao_alura-master/src/components/Carousel/components/Slider/index.js
> git cat-file -s 0cf3b464f24ffb73a3d1156bdf786ea32b81f3e6
> git show --textconv :imersao_alura-master/src/components/Carousel/components/Slider/index.js
> git ls-files --stage -- /home/andersonlima/imersao_alura-master/src/components/Carousel/components/Slider/index.js
> git cat-file -s 0cf3b464f24ffb73a3d1156bdf786ea32b81f3e6
> git show --textconv :imersao_alura-master/src/components/Carousel/components/Slider/index.js
> git status -z -u
> git ls-files --stage -- /home/andersonlima/imersao_alura-master/src/components/Carousel/components/Slider/index.js
> git cat-file -s 0cf3b464f24ffb73a3d1156bdf786ea32b81f3e6
> git show --textconv :imersao_alura-master/src/components/Carousel/components/Slider/index.js
> git symbolic-ref --short HEAD
> git rev-parse flix
> git rev-parse --symbolic-full-name flix@{u}
fatal: no upstream configured for branch 'flix'
> git for-each-ref --sort -committerdate --format %(refname) %(objectname)
> git remote --verbose
> git config --get commit.template
> git check-ignore -v -z --stdin
> git add -A -- .
> git commit --quiet --allow-empty-message --file -
> git status -z -u
> git ls-files --stage -- /home/andersonlima/imersao_alura-master/src/components/Carousel/components/Slider/index.js
> git cat-file -s 0cf3b464f24ffb73a3d1156bdf786ea32b81f3e6
> git show --textconv :imersao_alura-master/src/components/Carousel/components/Slider/index.js
> git symbolic-ref --short HEAD
> git rev-parse flix
> git rev-parse --symbolic-full-name flix@{u}
fatal: no upstream configured for branch 'flix'
> git for-each-ref --sort -committerdate --format %(refname) %(objectname)
> git remote --verbose
> git config --get commit.template
> git add -A -- /home/andersonlima/.config/Code/logs/20200803T162939/exthost1/output_logging_20200803T174544/3-Git.log /home/andersonlima/allflix /home/andersonlima/anderson git js/anderson
> git status -z -u
> git ls-files --stage -- /home/andersonlima/imersao_alura-master/src/components/Carousel/components/Slider/index.js
> git cat-file -s 0cf3b464f24ffb73a3d1156bdf786ea32b81f3e6
> git show --textconv :imersao_alura-master/src/components/Carousel/components/Slider/index.js
> git symbolic-ref --short HEAD
> git rev-parse flix
> git rev-parse --symbolic-full-name flix@{u}
fatal: no upstream configured for branch 'flix'
> git for-each-ref --sort -committerdate --format %(refname) %(objectname)
> git remote --verbose
> git config --get commit.template
> git branch
> git reset -q HEAD -- .
> git status -z -u
> git ls-files --stage -- /home/andersonlima/imersao_alura-master/src/components/Carousel/components/Slider/index.js
> git symbolic-ref --short HEAD
> git rev-parse flix
> git rev-parse --symbolic-full-name flix@{u}
> git cat-file -s 0cf3b464f24ffb73a3d1156bdf786ea32b81f3e6
fatal: no upstream configured for branch 'flix'
> git for-each-ref --sort -committerdate --format %(refname) %(objectname)
> git remote --verbose
> git show --textconv :imersao_alura-master/src/components/Carousel/components/Slider/index.js
> git config --get commit.template
> git remote add certo https://github.com/Andersonlima1/ALLFLIX1.git
> git status -z -u
> git ls-files --stage -- /home/andersonlima/imersao_alura-master/src/components/Carousel/components/Slider/index.js
> git cat-file -s 0cf3b464f24ffb73a3d1156bdf786ea32b81f3e6
> git show --textconv :imersao_alura-master/src/components/Carousel/components/Slider/index.js
> git symbolic-ref --short HEAD
> git rev-parse flix
> git rev-parse --symbolic-full-name flix@{u}
fatal: no upstream configured for branch 'flix'
> git for-each-ref --sort -committerdate --format %(refname) %(objectname)
> git remote --verbose
> git config --get commit.template
> git push certo flix
> git add -A -- .
