git remote show something -n  (completed in 0.062s)
git remote show remote-name -n  (completed in 0.087s)
git remote show origin -n  (completed in 0.107s)
git remote show ok -n  (completed in 0.135s)
git remote show k -n  (completed in 0.167s)
git remote show certo -n  (completed in 0.196s)
git remote show app -n  (completed in 0.229s)
git remote show allflix -n  (completed in 0.246s)
git remote show a -n  (completed in 0.277s)
git remote show ALLFLIX -n  (completed in 0.298s)
git remote show 1 -n  (completed in 0.321s)
git log --full-history --pretty=oneline --date-order --decorate=full --skip=0 --max-count=100 flix --  (completed in 0.344s)
git rev-list --full-history --count flix --  (completed in 0.369s)
git shortlog -e -s -n HEAD  (completed in 0.072s)
git show --pretty=oneline --decorate=full --numstat aedb9a5cd3cef15b1f89cd8ba8a751cd2c5e1ed7  (completed in 0.086s)
git show --name-status --pretty=oneline -M --first-parent aedb9a5cd3cef15b1f89cd8ba8a751cd2c5e1ed7  (completed in 0.03s)
git remote show remote-name -n  (completed in 0.122s)
git remote show origin -n  (completed in 0.171s)
git remote show ok -n  (completed in 0.235s)
git remote show k -n  (completed in 0.288s)
git remote show certo -n  (completed in 0.342s)
git remote show app -n  (completed in 0.396s)
git remote show allflix -n  (completed in 0.48s)
git remote show a -n  (completed in 0.549s)
git remote show ALLFLIX -n  (completed in 0.614s)
git remote show 1 -n  (completed in 0.672s)
git log --full-history --pretty=oneline --date-order --decorate=full --skip=0 --max-count=100 flix --  (completed in 0.726s)
git rev-list --full-history --count flix --  (completed in 0.807s)
git remote show something -n  (completed in 0.141s)
git show --pretty=oneline --decorate=full --numstat cae1a09b0625e848cce1ea6f21bf6ea36a8bd2ac  (completed in 0.255s)
git show --name-status --pretty=oneline -M --first-parent cae1a09b0625e848cce1ea6f21bf6ea36a8bd2ac  (completed in 0.173s)
