Looking for git in: git
Using git 2.20.1 from git
> git rev-parse --show-toplevel
> git rev-parse --git-dir
Open repository: /home/andersonlima
> git fetch
> git status -z -u
> git check-ignore -v -z --stdin
> git symbolic-ref --short HEAD
> git rev-parse flix
> git rev-parse --symbolic-full-name flix@{u}
fatal: no upstream configured for branch 'flix'
> git for-each-ref --sort -committerdate --format %(refname) %(objectname)
> git remote --verbose
> git config --get commit.template
> git status -z -u
> git show --textconv :appflix9/db.json
> git ls-files --stage -- /home/andersonlima/appflix9/db.json
> git cat-file -s fea3cc6cd64acc25a93b77470527c39e690d99b3
> git symbolic-ref --short HEAD
> git rev-parse flix
> git rev-parse --symbolic-full-name flix@{u}
fatal: no upstream configured for branch 'flix'
> git for-each-ref --sort -committerdate --format %(refname) %(objectname)
> git remote --verbose
> git config --get commit.template
> git fetch
> git ls-files --stage -- /home/andersonlima/appflix9/db.json
> git cat-file -s fea3cc6cd64acc25a93b77470527c39e690d99b3
> git show --textconv :appflix9/db.json
> git show --textconv :appflix9/package-lock.json
> git ls-files --stage -- /home/andersonlima/appflix9/package-lock.json
> git cat-file -s 74866084f6d90cd72b6a5b87a35fe9132d98a44a
> git show --textconv :appflix9/package.json
> git ls-files --stage -- /home/andersonlima/appflix9/package.json
> git cat-file -s 110b6e6b93d1ebf62e12646804256cc774dcb4c3
> git check-ignore -v -z --stdin
